<?xml version="1.0" encoding="UTF-8"?>
<coverage generated="1777914018712" clover="3.2.0">
  <project timestamp="1777914018712" name="All files">
    <metrics statements="130" coveredstatements="86" conditionals="80" coveredconditionals="35" methods="21" coveredmethods="13" elements="231" coveredelements="134" complexity="0" loc="130" ncloc="130" packages="1" files="2" classes="2"/>
    <file name="translationPipeline.ts" path="C:\repo\Spark\app\server\translation\translationPipeline.ts">
      <metrics statements="129" coveredstatements="85" conditionals="80" coveredconditionals="35" methods="21" coveredmethods="13"/>
      <line num="44" count="1" type="stmt"/>
      <line num="52" count="2" type="stmt"/>
      <line num="56" count="1" type="stmt"/>
      <line num="57" count="1" type="stmt"/>
      <line num="58" count="1" type="stmt"/>
      <line num="59" count="1" type="stmt"/>
      <line num="60" count="1" type="cond" truecount="1" falsecount="1"/>
      <line num="64" count="1" type="stmt"/>
      <line num="65" count="1" type="cond" truecount="3" falsecount="1"/>
      <line num="66" count="1" type="stmt"/>
      <line num="70" count="1" type="cond" truecount="1" falsecount="1"/>
      <line num="71" count="1" type="stmt"/>
      <line num="72" count="1" type="stmt"/>
      <line num="73" count="1" type="stmt"/>
      <line num="75" count="1" type="cond" truecount="1" falsecount="1"/>
      <line num="76" count="0" type="stmt"/>
      <line num="78" count="1" type="cond" truecount="1" falsecount="1"/>
      <line num="79" count="0" type="stmt"/>
      <line num="82" count="1" type="stmt"/>
      <line num="83" count="1" type="stmt"/>
      <line num="93" count="1" type="stmt"/>
      <line num="98" count="1" type="stmt"/>
      <line num="99" count="1" type="stmt"/>
      <line num="107" count="1" type="stmt"/>
      <line num="108" count="1" type="stmt"/>
      <line num="115" count="0" type="stmt"/>
      <line num="119" count="0" type="stmt"/>
      <line num="122" count="1" type="stmt"/>
      <line num="126" count="0" type="stmt"/>
      <line num="130" count="0" type="stmt"/>
      <line num="131" count="0" type="cond" truecount="0" falsecount="2"/>
      <line num="132" count="0" type="stmt"/>
      <line num="133" count="0" type="stmt"/>
      <line num="140" count="0" type="stmt"/>
      <line num="144" count="0" type="stmt"/>
      <line num="145" count="0" type="cond" truecount="0" falsecount="2"/>
      <line num="146" count="0" type="stmt"/>
      <line num="148" count="0" type="cond" truecount="0" falsecount="4"/>
      <line num="149" count="0" type="stmt"/>
      <line num="152" count="0" type="stmt"/>
      <line num="158" count="0" type="cond" truecount="0" falsecount="2"/>
      <line num="159" count="0" type="stmt"/>
      <line num="165" count="0" type="stmt"/>
      <line num="166" count="0" type="stmt"/>
      <line num="175" count="0" type="stmt"/>
      <line num="176" count="0" type="stmt"/>
      <line num="183" count="0" type="stmt"/>
      <line num="188" count="0" type="stmt"/>
      <line num="200" count="2" type="cond" truecount="3" falsecount="1"/>
      <line num="201" count="2" type="cond" truecount="2" falsecount="2"/>
      <line num="202" count="2" type="cond" truecount="2" falsecount="2"/>
      <line num="203" count="2" type="cond" truecount="1" falsecount="1"/>
      <line num="204" count="2" type="stmt"/>
      <line num="208" count="3" type="stmt"/>
      <line num="209" count="3" type="cond" truecount="2" falsecount="0"/>
      <line num="211" count="2" type="stmt"/>
      <line num="212" count="2" type="cond" truecount="1" falsecount="1"/>
      <line num="213" count="0" type="stmt"/>
      <line num="216" count="2" type="stmt"/>
      <line num="222" count="2" type="stmt"/>
      <line num="223" count="2" type="stmt"/>
      <line num="228" count="2" type="stmt"/>
      <line num="236" count="0" type="stmt"/>
      <line num="243" count="2" type="stmt"/>
      <line num="250" count="2" type="stmt"/>
      <line num="251" count="2" type="stmt"/>
      <line num="256" count="2" type="stmt"/>
      <line num="267" count="1" type="cond" truecount="1" falsecount="1"/>
      <line num="268" count="1" type="stmt"/>
      <line num="269" count="1" type="stmt"/>
      <line num="270" count="3" type="stmt"/>
      <line num="271" count="3" type="cond" truecount="2" falsecount="0"/>
      <line num="272" count="2" type="stmt"/>
      <line num="274" count="1" type="stmt"/>
      <line num="281" count="0" type="stmt"/>
      <line num="282" count="0" type="stmt"/>
      <line num="292" count="2" type="stmt"/>
      <line num="299" count="1" type="stmt"/>
      <line num="300" count="1" type="stmt"/>
      <line num="301" count="1" type="stmt"/>
      <line num="302" count="1" type="stmt"/>
      <line num="303" count="1" type="stmt"/>
      <line num="304" count="1" type="stmt"/>
      <line num="305" count="1" type="stmt"/>
      <line num="307" count="0" type="stmt"/>
      <line num="308" count="0" type="cond" truecount="0" falsecount="4"/>
      <line num="309" count="0" type="stmt"/>
      <line num="311" count="0" type="stmt"/>
      <line num="315" count="0" type="stmt"/>
      <line num="332" count="1" type="cond" truecount="1" falsecount="1"/>
      <line num="333" count="1" type="cond" truecount="1" falsecount="1"/>
      <line num="334" count="1" type="stmt"/>
      <line num="335" count="1" type="cond" truecount="1" falsecount="1"/>
      <line num="336" count="0" type="stmt"/>
      <line num="339" count="1" type="stmt"/>
      <line num="345" count="1" type="stmt"/>
      <line num="346" count="2" type="cond" truecount="2" falsecount="0"/>
      <line num="349" count="1" type="cond" truecount="1" falsecount="1"/>
      <line num="350" count="0" type="stmt"/>
      <line num="355" count="0" type="cond" truecount="0" falsecount="2"/>
      <line num="356" count="0" type="stmt"/>
      <line num="361" count="0" type="stmt"/>
      <line num="364" count="1" type="stmt"/>
      <line num="369" count="1" type="stmt"/>
      <line num="370" count="1" type="stmt"/>
      <line num="371" count="2" type="cond" truecount="2" falsecount="0"/>
      <line num="372" count="2" type="stmt"/>
      <line num="373" count="2" type="stmt"/>
      <line num="376" count="1" type="stmt"/>
      <line num="377" count="1" type="stmt"/>
      <line num="379" count="1" type="stmt"/>
      <line num="380" count="1" type="stmt"/>
      <line num="381" count="2" type="stmt"/>
      <line num="387" count="1" type="stmt"/>
      <line num="394" count="1" type="cond" truecount="1" falsecount="1"/>
      <line num="395" count="1" type="stmt"/>
      <line num="396" count="2" type="stmt"/>
      <line num="402" count="2" type="stmt"/>
      <line num="404" count="1" type="stmt"/>
      <line num="407" count="0" type="stmt"/>
      <line num="408" count="0" type="stmt"/>
      <line num="413" count="0" type="stmt"/>
      <line num="417" count="1" type="stmt"/>
      <line num="422" count="1" type="cond" truecount="3" falsecount="1"/>
      <line num="423" count="1" type="stmt"/>
      <line num="427" count="0" type="cond" truecount="0" falsecount="2"/>
      <line num="428" count="0" type="stmt"/>
      <line num="434" count="1" type="stmt"/>
      <line num="438" count="0" type="stmt"/>
    </file>
    <file name="types.ts" path="C:\repo\Spark\app\server\translation\types.ts">
      <metrics statements="1" coveredstatements="1" conditionals="0" coveredconditionals="0" methods="0" coveredmethods="0"/>
      <line num="8" count="1" type="stmt"/>
    </file>
  </project>
</coverage>
