{"C:\\repo\\Spark\\app\\server\\translation\\translationPipeline.ts": {"path":"C:\\repo\\Spark\\app\\server\\translation\\translationPipeline.ts","statementMap":{"0":{"start":{"line":44,"column":59},"end":{"line":49,"column":null}},"1":{"start":{"line":52,"column":2},"end":{"line":52,"column":null}},"2":{"start":{"line":56,"column":18},"end":{"line":56,"column":null}},"3":{"start":{"line":57,"column":21},"end":{"line":59,"column":null}},"4":{"start":{"line":58,"column":19},"end":{"line":58,"column":44}},"5":{"start":{"line":59,"column":22},"end":{"line":59,"column":39}},"6":{"start":{"line":60,"column":2},"end":{"line":60,"column":null}},"7":{"start":{"line":64,"column":16},"end":{"line":64,"column":null}},"8":{"start":{"line":65,"column":2},"end":{"line":65,"column":null}},"9":{"start":{"line":65,"column":45},"end":{"line":65,"column":null}},"10":{"start":{"line":66,"column":2},"end":{"line":66,"column":null}},"11":{"start":{"line":70,"column":23},"end":{"line":70,"column":null}},"12":{"start":{"line":71,"column":23},"end":{"line":71,"column":null}},"13":{"start":{"line":72,"column":24},"end":{"line":72,"column":null}},"14":{"start":{"line":73,"column":23},"end":{"line":73,"column":null}},"15":{"start":{"line":75,"column":2},"end":{"line":77,"column":null}},"16":{"start":{"line":76,"column":4},"end":{"line":76,"column":null}},"17":{"start":{"line":78,"column":2},"end":{"line":80,"column":null}},"18":{"start":{"line":79,"column":4},"end":{"line":79,"column":null}},"19":{"start":{"line":82,"column":16},"end":{"line":82,"column":null}},"20":{"start":{"line":83,"column":2},"end":{"line":91,"column":null}},"21":{"start":{"line":93,"column":2},"end":{"line":96,"column":null}},"22":{"start":{"line":98,"column":2},"end":{"line":120,"column":null}},"23":{"start":{"line":99,"column":24},"end":{"line":105,"column":null}},"24":{"start":{"line":107,"column":21},"end":{"line":107,"column":null}},"25":{"start":{"line":108,"column":4},"end":{"line":113,"column":null}},"26":{"start":{"line":115,"column":4},"end":{"line":118,"column":null}},"27":{"start":{"line":119,"column":4},"end":{"line":119,"column":null}},"28":{"start":{"line":122,"column":2},"end":{"line":122,"column":null}},"29":{"start":{"line":126,"column":2},"end":{"line":126,"column":null}},"30":{"start":{"line":130,"column":14},"end":{"line":130,"column":null}},"31":{"start":{"line":131,"column":2},"end":{"line":131,"column":null}},"32":{"start":{"line":131,"column":12},"end":{"line":131,"column":null}},"33":{"start":{"line":132,"column":16},"end":{"line":132,"column":null}},"34":{"start":{"line":133,"column":2},"end":{"line":136,"column":null}},"35":{"start":{"line":140,"column":2},"end":{"line":140,"column":null}},"36":{"start":{"line":144,"column":14},"end":{"line":144,"column":null}},"37":{"start":{"line":145,"column":2},"end":{"line":147,"column":null}},"38":{"start":{"line":146,"column":4},"end":{"line":146,"column":null}},"39":{"start":{"line":148,"column":2},"end":{"line":150,"column":null}},"40":{"start":{"line":149,"column":4},"end":{"line":149,"column":null}},"41":{"start":{"line":152,"column":16},"end":{"line":157,"column":null}},"42":{"start":{"line":158,"column":2},"end":{"line":163,"column":null}},"43":{"start":{"line":159,"column":4},"end":{"line":162,"column":null}},"44":{"start":{"line":165,"column":2},"end":{"line":173,"column":null}},"45":{"start":{"line":166,"column":25},"end":{"line":172,"column":6}},"46":{"start":{"line":175,"column":2},"end":{"line":181,"column":null}},"47":{"start":{"line":176,"column":4},"end":{"line":180,"column":null}},"48":{"start":{"line":183,"column":2},"end":{"line":186,"column":null}},"49":{"start":{"line":188,"column":2},"end":{"line":191,"column":null}},"50":{"start":{"line":200,"column":2},"end":{"line":200,"column":null}},"51":{"start":{"line":200,"column":47},"end":{"line":200,"column":null}},"52":{"start":{"line":201,"column":2},"end":{"line":201,"column":null}},"53":{"start":{"line":201,"column":44},"end":{"line":201,"column":null}},"54":{"start":{"line":202,"column":2},"end":{"line":202,"column":null}},"55":{"start":{"line":202,"column":44},"end":{"line":202,"column":null}},"56":{"start":{"line":203,"column":2},"end":{"line":203,"column":null}},"57":{"start":{"line":203,"column":25},"end":{"line":203,"column":null}},"58":{"start":{"line":204,"column":2},"end":{"line":204,"column":null}},"59":{"start":{"line":208,"column":15},"end":{"line":208,"column":null}},"60":{"start":{"line":209,"column":2},"end":{"line":209,"column":null}},"61":{"start":{"line":209,"column":13},"end":{"line":209,"column":null}},"62":{"start":{"line":211,"column":15},"end":{"line":211,"column":null}},"63":{"start":{"line":212,"column":2},"end":{"line":214,"column":null}},"64":{"start":{"line":213,"column":4},"end":{"line":213,"column":null}},"65":{"start":{"line":216,"column":2},"end":{"line":220,"column":null}},"66":{"start":{"line":222,"column":2},"end":{"line":241,"column":null}},"67":{"start":{"line":223,"column":23},"end":{"line":227,"column":null}},"68":{"start":{"line":228,"column":4},"end":{"line":234,"column":null}},"69":{"start":{"line":236,"column":4},"end":{"line":240,"column":null}},"70":{"start":{"line":243,"column":56},"end":{"line":248,"column":null}},"71":{"start":{"line":250,"column":21},"end":{"line":250,"column":null}},"72":{"start":{"line":251,"column":2},"end":{"line":254,"column":null}},"73":{"start":{"line":256,"column":2},"end":{"line":260,"column":null}},"74":{"start":{"line":267,"column":20},"end":{"line":267,"column":null}},"75":{"start":{"line":268,"column":18},"end":{"line":268,"column":null}},"76":{"start":{"line":269,"column":2},"end":{"line":273,"column":null}},"77":{"start":{"line":269,"column":15},"end":{"line":269,"column":18}},"78":{"start":{"line":270,"column":19},"end":{"line":270,"column":null}},"79":{"start":{"line":271,"column":4},"end":{"line":271,"column":null}},"80":{"start":{"line":271,"column":17},"end":{"line":271,"column":null}},"81":{"start":{"line":272,"column":4},"end":{"line":272,"column":null}},"82":{"start":{"line":274,"column":2},"end":{"line":277,"column":null}},"83":{"start":{"line":281,"column":2},"end":{"line":283,"column":null}},"84":{"start":{"line":282,"column":4},"end":{"line":282,"column":null}},"85":{"start":{"line":292,"column":18},"end":{"line":297,"column":null}},"86":{"start":{"line":292,"column":45},"end":{"line":297,"column":4}},"87":{"start":{"line":299,"column":16},"end":{"line":299,"column":null}},"88":{"start":{"line":300,"column":27},"end":{"line":300,"column":null}},"89":{"start":{"line":301,"column":2},"end":{"line":313,"column":null}},"90":{"start":{"line":302,"column":4},"end":{"line":302,"column":null}},"91":{"start":{"line":303,"column":4},"end":{"line":312,"column":null}},"92":{"start":{"line":304,"column":6},"end":{"line":304,"column":null}},"93":{"start":{"line":305,"column":6},"end":{"line":305,"column":null}},"94":{"start":{"line":307,"column":6},"end":{"line":307,"column":null}},"95":{"start":{"line":308,"column":6},"end":{"line":310,"column":null}},"96":{"start":{"line":309,"column":8},"end":{"line":309,"column":null}},"97":{"start":{"line":311,"column":6},"end":{"line":311,"column":null}},"98":{"start":{"line":315,"column":2},"end":{"line":322,"column":null}},"99":{"start":{"line":332,"column":20},"end":{"line":332,"column":null}},"100":{"start":{"line":333,"column":21},"end":{"line":333,"column":null}},"101":{"start":{"line":334,"column":14},"end":{"line":334,"column":null}},"102":{"start":{"line":335,"column":2},"end":{"line":337,"column":null}},"103":{"start":{"line":336,"column":4},"end":{"line":336,"column":null}},"104":{"start":{"line":339,"column":23},"end":{"line":344,"column":null}},"105":{"start":{"line":345,"column":21},"end":{"line":347,"column":null}},"106":{"start":{"line":346,"column":22},"end":{"line":346,"column":73}},"107":{"start":{"line":349,"column":2},"end":{"line":362,"column":null}},"108":{"start":{"line":350,"column":29},"end":{"line":354,"column":null}},"109":{"start":{"line":355,"column":4},"end":{"line":360,"column":null}},"110":{"start":{"line":356,"column":6},"end":{"line":359,"column":null}},"111":{"start":{"line":361,"column":4},"end":{"line":361,"column":null}},"112":{"start":{"line":364,"column":2},"end":{"line":367,"column":null}},"113":{"start":{"line":369,"column":18},"end":{"line":369,"column":null}},"114":{"start":{"line":370,"column":2},"end":{"line":374,"column":null}},"115":{"start":{"line":371,"column":17},"end":{"line":371,"column":null}},"116":{"start":{"line":372,"column":4},"end":{"line":372,"column":null}},"117":{"start":{"line":373,"column":4},"end":{"line":373,"column":null}},"118":{"start":{"line":376,"column":15},"end":{"line":376,"column":null}},"119":{"start":{"line":377,"column":15},"end":{"line":377,"column":null}},"120":{"start":{"line":379,"column":2},"end":{"line":415,"column":null}},"121":{"start":{"line":380,"column":4},"end":{"line":385,"column":null}},"122":{"start":{"line":381,"column":6},"end":{"line":384,"column":null}},"123":{"start":{"line":387,"column":19},"end":{"line":392,"column":null}},"124":{"start":{"line":394,"column":4},"end":{"line":405,"column":null}},"125":{"start":{"line":395,"column":6},"end":{"line":403,"column":null}},"126":{"start":{"line":396,"column":8},"end":{"line":401,"column":null}},"127":{"start":{"line":402,"column":8},"end":{"line":402,"column":null}},"128":{"start":{"line":404,"column":6},"end":{"line":404,"column":null}},"129":{"start":{"line":407,"column":4},"end":{"line":414,"column":null}},"130":{"start":{"line":408,"column":6},"end":{"line":412,"column":null}},"131":{"start":{"line":413,"column":6},"end":{"line":413,"column":null}},"132":{"start":{"line":417,"column":27},"end":{"line":421,"column":null}},"133":{"start":{"line":422,"column":2},"end":{"line":432,"column":null}},"134":{"start":{"line":423,"column":4},"end":{"line":426,"column":null}},"135":{"start":{"line":427,"column":2},"end":{"line":432,"column":null}},"136":{"start":{"line":428,"column":4},"end":{"line":431,"column":null}},"137":{"start":{"line":434,"column":2},"end":{"line":434,"column":null}},"138":{"start":{"line":438,"column":2},"end":{"line":440,"column":null}}},"fnMap":{"0":{"name":"normalizeLocale","decl":{"start":{"line":51,"column":9},"end":{"line":51,"column":25}},"loc":{"start":{"line":51,"column":41},"end":{"line":53,"column":null}},"line":51},"1":{"name":"normalizeResourceTypes","decl":{"start":{"line":55,"column":9},"end":{"line":55,"column":32}},"loc":{"start":{"line":55,"column":85},"end":{"line":61,"column":null}},"line":55},"2":{"name":"(anonymous_2)","decl":{"start":{"line":58,"column":9},"end":{"line":58,"column":10}},"loc":{"start":{"line":58,"column":19},"end":{"line":58,"column":44}},"line":58},"3":{"name":"(anonymous_3)","decl":{"start":{"line":59,"column":12},"end":{"line":59,"column":13}},"loc":{"start":{"line":59,"column":22},"end":{"line":59,"column":39}},"line":59},"4":{"name":"normalizeLimit","decl":{"start":{"line":63,"column":9},"end":{"line":63,"column":24}},"loc":{"start":{"line":63,"column":46},"end":{"line":67,"column":null}},"line":63},"5":{"name":"createTranslationJob","decl":{"start":{"line":69,"column":22},"end":{"line":69,"column":43}},"loc":{"start":{"line":69,"column":77},"end":{"line":123,"column":null}},"line":69},"6":{"name":"getTranslationJobs","decl":{"start":{"line":125,"column":22},"end":{"line":125,"column":41}},"loc":{"start":{"line":125,"column":55},"end":{"line":127,"column":null}},"line":125},"7":{"name":"getTranslationJobDetail","decl":{"start":{"line":129,"column":22},"end":{"line":129,"column":46}},"loc":{"start":{"line":129,"column":75},"end":{"line":137,"column":null}},"line":129},"8":{"name":"getTranslationObservabilitySummary","decl":{"start":{"line":139,"column":22},"end":{"line":139,"column":57}},"loc":{"start":{"line":139,"column":71},"end":{"line":141,"column":null}},"line":139},"9":{"name":"enqueueTranslationJob","decl":{"start":{"line":143,"column":22},"end":{"line":143,"column":44}},"loc":{"start":{"line":143,"column":85},"end":{"line":192,"column":null}},"line":143},"10":{"name":"(anonymous_10)","decl":{"start":{"line":166,"column":14},"end":{"line":166,"column":15}},"loc":{"start":{"line":166,"column":25},"end":{"line":172,"column":6}},"line":166},"11":{"name":"resolveJobStatus","decl":{"start":{"line":194,"column":9},"end":{"line":194,"column":null}},"loc":{"start":{"line":199,"column":24},"end":{"line":205,"column":null}},"line":199},"12":{"name":"processOneQueuedTranslation","decl":{"start":{"line":207,"column":22},"end":{"line":207,"column":50}},"loc":{"start":{"line":207,"column":76},"end":{"line":261,"column":null}},"line":207},"13":{"name":"processQueuedTranslationsBatch","decl":{"start":{"line":263,"column":22},"end":{"line":263,"column":53}},"loc":{"start":{"line":266,"column":3},"end":{"line":278,"column":null}},"line":266},"14":{"name":"sleep","decl":{"start":{"line":280,"column":9},"end":{"line":280,"column":15}},"loc":{"start":{"line":280,"column":27},"end":{"line":284,"column":null}},"line":280},"15":{"name":"(anonymous_15)","decl":{"start":{"line":281,"column":21},"end":{"line":281,"column":22}},"loc":{"start":{"line":281,"column":34},"end":{"line":283,"column":3}},"line":281},"16":{"name":"writebackOneResourceWithRetry","decl":{"start":{"line":286,"column":15},"end":{"line":286,"column":45}},"loc":{"start":{"line":291,"column":3},"end":{"line":323,"column":null}},"line":291},"17":{"name":"(anonymous_17)","decl":{"start":{"line":292,"column":34},"end":{"line":292,"column":35}},"loc":{"start":{"line":292,"column":45},"end":{"line":297,"column":4}},"line":292},"18":{"name":"writebackTranslatedItems","decl":{"start":{"line":325,"column":22},"end":{"line":325,"column":47}},"loc":{"start":{"line":331,"column":3},"end":{"line":435,"column":null}},"line":331},"19":{"name":"(anonymous_19)","decl":{"start":{"line":346,"column":12},"end":{"line":346,"column":13}},"loc":{"start":{"line":346,"column":22},"end":{"line":346,"column":73}},"line":346},"20":{"name":"getTranslationQueueSummary","decl":{"start":{"line":437,"column":22},"end":{"line":437,"column":49}},"loc":{"start":{"line":437,"column":63},"end":{"line":441,"column":null}},"line":437}},"branchMap":{"0":{"loc":{"start":{"line":60,"column":9},"end":{"line":60,"column":null}},"type":"cond-expr","locations":[{"start":{"line":60,"column":29},"end":{"line":60,"column":42}},{"start":{"line":60,"column":42},"end":{"line":60,"column":null}}],"line":60},"1":{"loc":{"start":{"line":65,"column":2},"end":{"line":65,"column":null}},"type":"if","locations":[{"start":{"line":65,"column":2},"end":{"line":65,"column":null}},{"start":{},"end":{}}],"line":65},"2":{"loc":{"start":{"line":65,"column":6},"end":{"line":65,"column":45}},"type":"binary-expr","locations":[{"start":{"line":65,"column":6},"end":{"line":65,"column":33}},{"start":{"line":65,"column":33},"end":{"line":65,"column":45}}],"line":65},"3":{"loc":{"start":{"line":70,"column":39},"end":{"line":70,"column":65}},"type":"binary-expr","locations":[{"start":{"line":70,"column":39},"end":{"line":70,"column":61}},{"start":{"line":70,"column":61},"end":{"line":70,"column":65}}],"line":70},"4":{"loc":{"start":{"line":75,"column":2},"end":{"line":77,"column":null}},"type":"if","locations":[{"start":{"line":75,"column":2},"end":{"line":77,"column":null}},{"start":{},"end":{}}],"line":75},"5":{"loc":{"start":{"line":78,"column":2},"end":{"line":80,"column":null}},"type":"if","locations":[{"start":{"line":78,"column":2},"end":{"line":80,"column":null}},{"start":{},"end":{}}],"line":78},"6":{"loc":{"start":{"line":117,"column":20},"end":{"line":117,"column":null}},"type":"cond-expr","locations":[{"start":{"line":117,"column":45},"end":{"line":117,"column":61}},{"start":{"line":117,"column":61},"end":{"line":117,"column":null}}],"line":117},"7":{"loc":{"start":{"line":131,"column":2},"end":{"line":131,"column":null}},"type":"if","locations":[{"start":{"line":131,"column":2},"end":{"line":131,"column":null}},{"start":{},"end":{}}],"line":131},"8":{"loc":{"start":{"line":145,"column":2},"end":{"line":147,"column":null}},"type":"if","locations":[{"start":{"line":145,"column":2},"end":{"line":147,"column":null}},{"start":{},"end":{}}],"line":145},"9":{"loc":{"start":{"line":148,"column":2},"end":{"line":150,"column":null}},"type":"if","locations":[{"start":{"line":148,"column":2},"end":{"line":150,"column":null}},{"start":{},"end":{}}],"line":148},"10":{"loc":{"start":{"line":148,"column":6},"end":{"line":148,"column":64}},"type":"binary-expr","locations":[{"start":{"line":148,"column":6},"end":{"line":148,"column":34}},{"start":{"line":148,"column":34},"end":{"line":148,"column":64}}],"line":148},"11":{"loc":{"start":{"line":158,"column":2},"end":{"line":163,"column":null}},"type":"if","locations":[{"start":{"line":158,"column":2},"end":{"line":163,"column":null}},{"start":{},"end":{}}],"line":158},"12":{"loc":{"start":{"line":200,"column":2},"end":{"line":200,"column":null}},"type":"if","locations":[{"start":{"line":200,"column":2},"end":{"line":200,"column":null}},{"start":{},"end":{}}],"line":200},"13":{"loc":{"start":{"line":200,"column":6},"end":{"line":200,"column":47}},"type":"binary-expr","locations":[{"start":{"line":200,"column":6},"end":{"line":200,"column":28}},{"start":{"line":200,"column":28},"end":{"line":200,"column":47}}],"line":200},"14":{"loc":{"start":{"line":201,"column":2},"end":{"line":201,"column":null}},"type":"if","locations":[{"start":{"line":201,"column":2},"end":{"line":201,"column":null}},{"start":{},"end":{}}],"line":201},"15":{"loc":{"start":{"line":201,"column":6},"end":{"line":201,"column":44}},"type":"binary-expr","locations":[{"start":{"line":201,"column":6},"end":{"line":201,"column":27}},{"start":{"line":201,"column":27},"end":{"line":201,"column":44}}],"line":201},"16":{"loc":{"start":{"line":202,"column":2},"end":{"line":202,"column":null}},"type":"if","locations":[{"start":{"line":202,"column":2},"end":{"line":202,"column":null}},{"start":{},"end":{}}],"line":202},"17":{"loc":{"start":{"line":202,"column":6},"end":{"line":202,"column":44}},"type":"binary-expr","locations":[{"start":{"line":202,"column":6},"end":{"line":202,"column":23}},{"start":{"line":202,"column":23},"end":{"line":202,"column":44}}],"line":202},"18":{"loc":{"start":{"line":203,"column":2},"end":{"line":203,"column":null}},"type":"if","locations":[{"start":{"line":203,"column":2},"end":{"line":203,"column":null}},{"start":{},"end":{}}],"line":203},"19":{"loc":{"start":{"line":209,"column":2},"end":{"line":209,"column":null}},"type":"if","locations":[{"start":{"line":209,"column":2},"end":{"line":209,"column":null}},{"start":{},"end":{}}],"line":209},"20":{"loc":{"start":{"line":212,"column":2},"end":{"line":214,"column":null}},"type":"if","locations":[{"start":{"line":212,"column":2},"end":{"line":214,"column":null}},{"start":{},"end":{}}],"line":212},"21":{"loc":{"start":{"line":238,"column":20},"end":{"line":238,"column":null}},"type":"cond-expr","locations":[{"start":{"line":238,"column":45},"end":{"line":238,"column":61}},{"start":{"line":238,"column":61},"end":{"line":238,"column":null}}],"line":238},"22":{"loc":{"start":{"line":253,"column":18},"end":{"line":253,"column":null}},"type":"cond-expr","locations":[{"start":{"line":253,"column":44},"end":{"line":253,"column":61}},{"start":{"line":253,"column":61},"end":{"line":253,"column":null}}],"line":253},"23":{"loc":{"start":{"line":267,"column":38},"end":{"line":267,"column":62}},"type":"binary-expr","locations":[{"start":{"line":267,"column":38},"end":{"line":267,"column":58}},{"start":{"line":267,"column":58},"end":{"line":267,"column":62}}],"line":267},"24":{"loc":{"start":{"line":271,"column":4},"end":{"line":271,"column":null}},"type":"if","locations":[{"start":{"line":271,"column":4},"end":{"line":271,"column":null}},{"start":{},"end":{}}],"line":271},"25":{"loc":{"start":{"line":294,"column":11},"end":{"line":294,"column":null}},"type":"binary-expr","locations":[{"start":{"line":294,"column":11},"end":{"line":294,"column":34}},{"start":{"line":294,"column":34},"end":{"line":294,"column":null}}],"line":294},"26":{"loc":{"start":{"line":308,"column":6},"end":{"line":310,"column":null}},"type":"if","locations":[{"start":{"line":308,"column":6},"end":{"line":310,"column":null}},{"start":{},"end":{}}],"line":308},"27":{"loc":{"start":{"line":308,"column":10},"end":{"line":308,"column":74}},"type":"binary-expr","locations":[{"start":{"line":308,"column":10},"end":{"line":308,"column":45}},{"start":{"line":308,"column":45},"end":{"line":308,"column":74}}],"line":308},"28":{"loc":{"start":{"line":319,"column":6},"end":{"line":321,"column":null}},"type":"cond-expr","locations":[{"start":{"line":320,"column":10},"end":{"line":320,"column":null}},{"start":{"line":321,"column":10},"end":{"line":321,"column":null}}],"line":319},"29":{"loc":{"start":{"line":332,"column":38},"end":{"line":332,"column":62}},"type":"binary-expr","locations":[{"start":{"line":332,"column":38},"end":{"line":332,"column":58}},{"start":{"line":332,"column":58},"end":{"line":332,"column":62}}],"line":332},"30":{"loc":{"start":{"line":333,"column":39},"end":{"line":333,"column":63}},"type":"binary-expr","locations":[{"start":{"line":333,"column":39},"end":{"line":333,"column":60}},{"start":{"line":333,"column":60},"end":{"line":333,"column":63}}],"line":333},"31":{"loc":{"start":{"line":335,"column":2},"end":{"line":337,"column":null}},"type":"if","locations":[{"start":{"line":335,"column":2},"end":{"line":337,"column":null}},{"start":{},"end":{}}],"line":335},"32":{"loc":{"start":{"line":346,"column":22},"end":{"line":346,"column":73}},"type":"binary-expr","locations":[{"start":{"line":346,"column":22},"end":{"line":346,"column":54}},{"start":{"line":346,"column":54},"end":{"line":346,"column":73}}],"line":346},"33":{"loc":{"start":{"line":349,"column":2},"end":{"line":362,"column":null}},"type":"if","locations":[{"start":{"line":349,"column":2},"end":{"line":362,"column":null}},{"start":{},"end":{}}],"line":349},"34":{"loc":{"start":{"line":355,"column":4},"end":{"line":360,"column":null}},"type":"if","locations":[{"start":{"line":355,"column":4},"end":{"line":360,"column":null}},{"start":{},"end":{}}],"line":355},"35":{"loc":{"start":{"line":371,"column":17},"end":{"line":371,"column":null}},"type":"binary-expr","locations":[{"start":{"line":371,"column":17},"end":{"line":371,"column":49}},{"start":{"line":371,"column":49},"end":{"line":371,"column":null}}],"line":371},"36":{"loc":{"start":{"line":394,"column":4},"end":{"line":405,"column":null}},"type":"if","locations":[{"start":{"line":394,"column":4},"end":{"line":405,"column":null}},{"start":{},"end":{}}],"line":394},"37":{"loc":{"start":{"line":422,"column":2},"end":{"line":432,"column":null}},"type":"if","locations":[{"start":{"line":422,"column":2},"end":{"line":432,"column":null}},{"start":{"line":427,"column":2},"end":{"line":432,"column":null}}],"line":422},"38":{"loc":{"start":{"line":422,"column":6},"end":{"line":422,"column":46}},"type":"binary-expr","locations":[{"start":{"line":422,"column":6},"end":{"line":422,"column":32}},{"start":{"line":422,"column":32},"end":{"line":422,"column":46}}],"line":422},"39":{"loc":{"start":{"line":427,"column":2},"end":{"line":432,"column":null}},"type":"if","locations":[{"start":{"line":427,"column":2},"end":{"line":432,"column":null}},{"start":{},"end":{}}],"line":427}},"s":{"0":1,"1":2,"2":1,"3":1,"4":1,"5":1,"6":1,"7":1,"8":1,"9":0,"10":1,"11":1,"12":1,"13":1,"14":1,"15":1,"16":0,"17":1,"18":0,"19":1,"20":1,"21":1,"22":1,"23":1,"24":1,"25":1,"26":0,"27":0,"28":1,"29":0,"30":0,"31":0,"32":0,"33":0,"34":0,"35":0,"36":0,"37":0,"38":0,"39":0,"40":0,"41":0,"42":0,"43":0,"44":0,"45":0,"46":0,"47":0,"48":0,"49":0,"50":2,"51":0,"52":2,"53":0,"54":2,"55":0,"56":2,"57":0,"58":2,"59":3,"60":3,"61":1,"62":2,"63":2,"64":0,"65":2,"66":2,"67":2,"68":2,"69":0,"70":2,"71":2,"72":2,"73":2,"74":1,"75":1,"76":1,"77":1,"78":3,"79":3,"80":1,"81":2,"82":1,"83":0,"84":0,"85":1,"86":2,"87":1,"88":1,"89":1,"90":1,"91":1,"92":1,"93":1,"94":0,"95":0,"96":0,"97":0,"98":0,"99":1,"100":1,"101":1,"102":1,"103":0,"104":1,"105":1,"106":2,"107":1,"108":0,"109":0,"110":0,"111":0,"112":1,"113":1,"114":1,"115":2,"116":2,"117":2,"118":1,"119":1,"120":1,"121":1,"122":2,"123":1,"124":1,"125":1,"126":2,"127":2,"128":1,"129":0,"130":0,"131":0,"132":1,"133":1,"134":1,"135":0,"136":0,"137":1,"138":0},"f":{"0":2,"1":1,"2":1,"3":1,"4":1,"5":1,"6":0,"7":0,"8":0,"9":0,"10":0,"11":2,"12":3,"13":1,"14":0,"15":0,"16":1,"17":2,"18":1,"19":2,"20":0},"b":{"0":[1,0],"1":[0,1],"2":[1,1],"3":[1,0],"4":[0,1],"5":[0,1],"6":[0,0],"7":[0,0],"8":[0,0],"9":[0,0],"10":[0,0],"11":[0,0],"12":[0,2],"13":[2,2],"14":[0,2],"15":[2,0],"16":[0,2],"17":[2,0],"18":[0,2],"19":[1,2],"20":[0,2],"21":[0,0],"22":[0,2],"23":[1,0],"24":[1,2],"25":[2,0],"26":[0,0],"27":[0,0],"28":[0,0],"29":[1,0],"30":[1,0],"31":[0,1],"32":[2,2],"33":[0,1],"34":[0,0],"35":[2,1],"36":[1,0],"37":[1,0],"38":[1,1],"39":[0,0]},"meta":{"lastBranch":40,"lastFunction":21,"lastStatement":139,"seen":{"s:44:59:49:Infinity":0,"f:51:9:51:25":0,"s:52:2:52:Infinity":1,"f:55:9:55:32":1,"s:56:18:56:Infinity":2,"s:57:21:59:Infinity":3,"f:58:9:58:10":2,"s:58:19:58:44":4,"f:59:12:59:13":3,"s:59:22:59:39":5,"s:60:2:60:Infinity":6,"b:60:29:60:42:60:42:60:Infinity":0,"f:63:9:63:24":4,"s:64:16:64:Infinity":7,"b:65:2:65:Infinity:undefined:undefined:undefined:undefined":1,"s:65:2:65:Infinity":8,"b:65:6:65:33:65:33:65:45":2,"s:65:45:65:Infinity":9,"s:66:2:66:Infinity":10,"f:69:22:69:43":5,"s:70:23:70:Infinity":11,"b:70:39:70:61:70:61:70:65":3,"s:71:23:71:Infinity":12,"s:72:24:72:Infinity":13,"s:73:23:73:Infinity":14,"b:75:2:77:Infinity:undefined:undefined:undefined:undefined":4,"s:75:2:77:Infinity":15,"s:76:4:76:Infinity":16,"b:78:2:80:Infinity:undefined:undefined:undefined:undefined":5,"s:78:2:80:Infinity":17,"s:79:4:79:Infinity":18,"s:82:16:82:Infinity":19,"s:83:2:91:Infinity":20,"s:93:2:96:Infinity":21,"s:98:2:120:Infinity":22,"s:99:24:105:Infinity":23,"s:107:21:107:Infinity":24,"s:108:4:113:Infinity":25,"s:115:4:118:Infinity":26,"b:117:45:117:61:117:61:117:Infinity":6,"s:119:4:119:Infinity":27,"s:122:2:122:Infinity":28,"f:125:22:125:41":6,"s:126:2:126:Infinity":29,"f:129:22:129:46":7,"s:130:14:130:Infinity":30,"b:131:2:131:Infinity:undefined:undefined:undefined:undefined":7,"s:131:2:131:Infinity":31,"s:131:12:131:Infinity":32,"s:132:16:132:Infinity":33,"s:133:2:136:Infinity":34,"f:139:22:139:57":8,"s:140:2:140:Infinity":35,"f:143:22:143:44":9,"s:144:14:144:Infinity":36,"b:145:2:147:Infinity:undefined:undefined:undefined:undefined":8,"s:145:2:147:Infinity":37,"s:146:4:146:Infinity":38,"b:148:2:150:Infinity:undefined:undefined:undefined:undefined":9,"s:148:2:150:Infinity":39,"b:148:6:148:34:148:34:148:64":10,"s:149:4:149:Infinity":40,"s:152:16:157:Infinity":41,"b:158:2:163:Infinity:undefined:undefined:undefined:undefined":11,"s:158:2:163:Infinity":42,"s:159:4:162:Infinity":43,"s:165:2:173:Infinity":44,"f:166:14:166:15":10,"s:166:25:172:6":45,"s:175:2:181:Infinity":46,"s:176:4:180:Infinity":47,"s:183:2:186:Infinity":48,"s:188:2:191:Infinity":49,"f:194:9:194:Infinity":11,"b:200:2:200:Infinity:undefined:undefined:undefined:undefined":12,"s:200:2:200:Infinity":50,"b:200:6:200:28:200:28:200:47":13,"s:200:47:200:Infinity":51,"b:201:2:201:Infinity:undefined:undefined:undefined:undefined":14,"s:201:2:201:Infinity":52,"b:201:6:201:27:201:27:201:44":15,"s:201:44:201:Infinity":53,"b:202:2:202:Infinity:undefined:undefined:undefined:undefined":16,"s:202:2:202:Infinity":54,"b:202:6:202:23:202:23:202:44":17,"s:202:44:202:Infinity":55,"b:203:2:203:Infinity:undefined:undefined:undefined:undefined":18,"s:203:2:203:Infinity":56,"s:203:25:203:Infinity":57,"s:204:2:204:Infinity":58,"f:207:22:207:50":12,"s:208:15:208:Infinity":59,"b:209:2:209:Infinity:undefined:undefined:undefined:undefined":19,"s:209:2:209:Infinity":60,"s:209:13:209:Infinity":61,"s:211:15:211:Infinity":62,"b:212:2:214:Infinity:undefined:undefined:undefined:undefined":20,"s:212:2:214:Infinity":63,"s:213:4:213:Infinity":64,"s:216:2:220:Infinity":65,"s:222:2:241:Infinity":66,"s:223:23:227:Infinity":67,"s:228:4:234:Infinity":68,"s:236:4:240:Infinity":69,"b:238:45:238:61:238:61:238:Infinity":21,"s:243:56:248:Infinity":70,"s:250:21:250:Infinity":71,"s:251:2:254:Infinity":72,"b:253:44:253:61:253:61:253:Infinity":22,"s:256:2:260:Infinity":73,"f:263:22:263:53":13,"s:267:20:267:Infinity":74,"b:267:38:267:58:267:58:267:62":23,"s:268:18:268:Infinity":75,"s:269:2:273:Infinity":76,"s:269:15:269:18":77,"s:270:19:270:Infinity":78,"b:271:4:271:Infinity:undefined:undefined:undefined:undefined":24,"s:271:4:271:Infinity":79,"s:271:17:271:Infinity":80,"s:272:4:272:Infinity":81,"s:274:2:277:Infinity":82,"f:280:9:280:15":14,"s:281:2:283:Infinity":83,"f:281:21:281:22":15,"s:282:4:282:Infinity":84,"f:286:15:286:45":16,"s:292:18:297:Infinity":85,"f:292:34:292:35":17,"s:292:45:297:4":86,"b:294:11:294:34:294:34:294:Infinity":25,"s:299:16:299:Infinity":87,"s:300:27:300:Infinity":88,"s:301:2:313:Infinity":89,"s:302:4:302:Infinity":90,"s:303:4:312:Infinity":91,"s:304:6:304:Infinity":92,"s:305:6:305:Infinity":93,"s:307:6:307:Infinity":94,"b:308:6:310:Infinity:undefined:undefined:undefined:undefined":26,"s:308:6:310:Infinity":95,"b:308:10:308:45:308:45:308:74":27,"s:309:8:309:Infinity":96,"s:311:6:311:Infinity":97,"s:315:2:322:Infinity":98,"b:320:10:320:Infinity:321:10:321:Infinity":28,"f:325:22:325:47":18,"s:332:20:332:Infinity":99,"b:332:38:332:58:332:58:332:62":29,"s:333:21:333:Infinity":100,"b:333:39:333:60:333:60:333:63":30,"s:334:14:334:Infinity":101,"b:335:2:337:Infinity:undefined:undefined:undefined:undefined":31,"s:335:2:337:Infinity":102,"s:336:4:336:Infinity":103,"s:339:23:344:Infinity":104,"s:345:21:347:Infinity":105,"f:346:12:346:13":19,"s:346:22:346:73":106,"b:346:22:346:54:346:54:346:73":32,"b:349:2:362:Infinity:undefined:undefined:undefined:undefined":33,"s:349:2:362:Infinity":107,"s:350:29:354:Infinity":108,"b:355:4:360:Infinity:undefined:undefined:undefined:undefined":34,"s:355:4:360:Infinity":109,"s:356:6:359:Infinity":110,"s:361:4:361:Infinity":111,"s:364:2:367:Infinity":112,"s:369:18:369:Infinity":113,"s:370:2:374:Infinity":114,"s:371:17:371:Infinity":115,"b:371:17:371:49:371:49:371:Infinity":35,"s:372:4:372:Infinity":116,"s:373:4:373:Infinity":117,"s:376:15:376:Infinity":118,"s:377:15:377:Infinity":119,"s:379:2:415:Infinity":120,"s:380:4:385:Infinity":121,"s:381:6:384:Infinity":122,"s:387:19:392:Infinity":123,"b:394:4:405:Infinity:undefined:undefined:undefined:undefined":36,"s:394:4:405:Infinity":124,"s:395:6:403:Infinity":125,"s:396:8:401:Infinity":126,"s:402:8:402:Infinity":127,"s:404:6:404:Infinity":128,"s:407:4:414:Infinity":129,"s:408:6:412:Infinity":130,"s:413:6:413:Infinity":131,"s:417:27:421:Infinity":132,"b:422:2:432:Infinity:427:2:432:Infinity":37,"s:422:2:432:Infinity":133,"b:422:6:422:32:422:32:422:46":38,"s:423:4:426:Infinity":134,"b:427:2:432:Infinity:undefined:undefined:undefined:undefined":39,"s:427:2:432:Infinity":135,"s:428:4:431:Infinity":136,"s:434:2:434:Infinity":137,"f:437:22:437:49":20,"s:438:2:440:Infinity":138}}}
,"C:\\repo\\Spark\\app\\server\\translation\\types.ts": {"path":"C:\\repo\\Spark\\app\\server\\translation\\types.ts","statementMap":{"0":{"start":{"line":8,"column":51},"end":{"line":16,"column":null}}},"fnMap":{},"branchMap":{},"s":{"0":1},"f":{},"b":{},"meta":{"lastBranch":0,"lastFunction":0,"lastStatement":1,"seen":{"s:8:51:16:Infinity":0}}}
}
